<?xml version="1.0" encoding="UTF-8"?>
<!-- Generated by org.testng.reporters.JUnitXMLReporter -->
<testsuite hostname="LAPTOP-QRRJ0926" ignored="0" name="Default test" tests="5" failures="0" timestamp="26 Apr 2020 14:31:46 GMT" time="131.876" errors="0">
  <testcase name="verifyContansPagelabel" time="2.755" classname="com.crm.qa.testcases.ContactsPageTest"/>
  <testcase name="selectContactsText" time="3.169" classname="com.crm.qa.testcases.ContactsPageTest"/>
  <testcase name="validateCreatenewContact" time="7.181" classname="com.crm.qa.testcases.ContactsPageTest"/>
  <testcase name="validateCreatenewContact" time="5.839" classname="com.crm.qa.testcases.ContactsPageTest"/>
  <testcase name="validateCreatenewContact" time="6.703" classname="com.crm.qa.testcases.ContactsPageTest"/>
</testsuite> <!-- Default test -->
