<?xml version="1.0" encoding="UTF-8" ?>
<testsuite tests="10" failures="4" name="TestSuite" time="61.974" errors="0" skipped="0">
  <properties>
[...]
</properties>
  <testcase classname="com.crm.qa.testcases.ContactsPageTest" name="verifyContansPagelabel" time="5.175"/>
  <testcase classname="com.crm.qa.testcases.HomePageTest" name="verifyHomePageTitleTest" time="0.074">
    <failure message="Cogmento CRM expected:&lt;Cogmento CRM&gt; but was:&lt;Home Page title doesnt match&gt;" type="java.lang.AssertionError">java.lang.AssertionError: Cogmento CRM expected:&lt;Cogmento CRM&gt; but was:&lt;Home Page title doesnt match&gt;
	at org.testng.AssertJUnit.assertEquals(AssertJUnit.java:101)
	at com.crm.qa.testcases.HomePageTest.verifyHomePageTitleTest(HomePageTest.java:43)
</failure>
    <system-out>Before navigating to: &apos;https://ui.freecrm.com&apos;
Navigated to:&apos;https://ui.freecrm.com&apos;
Trying to find Element By : By.name: email
Found Element By : By.name: email
Trying to find Element By : By.name: password
Found Element By : By.name: password
Trying to find Element By : By.xpath: //div[text()=&apos;Login&apos;]
Found Element By : By.xpath: //div[text()=&apos;Login&apos;]
Trying to click on: [[ChromeDriver: chrome on XP (e1eaecbf757b984af28713ad3b4bc4d9)] -&gt; xpath: //div[text()=&apos;Login&apos;]]
Clicked on: [[ChromeDriver: chrome on XP (e1eaecbf757b984af28713ad3b4bc4d9)] -&gt; xpath: //div[text()=&apos;Login&apos;]]
</system-out>
    <system-err>Starting ChromeDriver 79.0.3945.36 (3582db32b33893869b8c1339e8f4d9ed1816f143-refs/branch-heads/3945@{#614}) on port 7443
Only local connections are allowed.
Please protect ports used by ChromeDriver and related test frameworks to prevent access by malicious code.
[1588797996.028][WARNING]: Timed out connecting to Chrome, retrying...
May 07, 2020 2:16:38 AM org.openqa.selenium.remote.ProtocolHandshake createSession
INFO: Detected dialect: W3C
[1588798000.063][WARNING]: Timed out connecting to Chrome, retrying...
</system-err>
  </testcase>
  <testcase classname="com.crm.qa.testcases.LoginPageTest" name="loginpagetitletest" time="0.027"/>
  <testcase classname="com.crm.qa.testcases.ContactsPageTest" name="selectContactsText" time="12.903">
    <failure message="no such element: Unable to locate element: {&quot;method&quot;:&quot;xpath&quot;,&quot;selector&quot;:&quot;//td[contains(text(),&apos;EVOL Mishra&apos;)]//parent::td//preceding-sibling::td//div[@class=&apos;ui fitted read-only checkbox&apos;]&quot;}
  (Session info: chrome=79.0.3945.88)
For documentation on this error, please visit: http://seleniumhq.org/exceptions/no_such_element.html
Build info: version: &apos;3.5.3&apos;, revision: &apos;a88d25fe6b&apos;, time: &apos;2017-08-29T12:42:44.417Z&apos;
System info: host: &apos;LAPTOP-QRRJ0926&apos;, ip: &apos;192.168.0.105&apos;, os.name: &apos;Windows 10&apos;, os.arch: &apos;amd64&apos;, os.version: &apos;10.0&apos;, java.version: &apos;1.8.0_151&apos;
Driver info: org.openqa.selenium.chrome.ChromeDriver
Capabilities [{networkConnectionEnabled=false, chrome={chromedriverVersion=79.0.3945.36 (3582db32b33893869b8c1339e8f4d9ed1816f143-refs/branch-heads/3945@{#614}), userDataDir=C:\Users\ANKUSH~1\AppData\Local\Temp\scoped_dir9628_257792733}, timeouts={implicit=0, pageLoad=300000, script=30000}, pageLoadStrategy=normal, unhandledPromptBehavior=dismiss and notify, strictFileInteractability=false, platform=XP, proxy=Proxy(), goog:chromeOptions={debuggerAddress=localhost:59597}, acceptInsecureCerts=false, browserVersion=79.0.3945.88, browserName=chrome, javascriptEnabled=true, platformName=XP, setWindowRect=true}]
Session ID: 931d3588f3bfc05a230a6ed40dbbef39
*** Element info: {Using=xpath, value=//td[contains(text(),&apos;EVOL Mishra&apos;)]//parent::td//preceding-sibling::td//div[@class=&apos;ui fitted read-only checkbox&apos;]}" type="org.openqa.selenium.NoSuchElementException">org.openqa.selenium.NoSuchElementException: no such element: Unable to locate element: {&quot;method&quot;:&quot;xpath&quot;,&quot;selector&quot;:&quot;//td[contains(text(),&apos;EVOL Mishra&apos;)]//parent::td//preceding-sibling::td//div[@class=&apos;ui fitted read-only checkbox&apos;]&quot;}
  (Session info: chrome=79.0.3945.88)
For documentation on this error, please visit: http://seleniumhq.org/exceptions/no_such_element.html
Build info: version: &apos;3.5.3&apos;, revision: &apos;a88d25fe6b&apos;, time: &apos;2017-08-29T12:42:44.417Z&apos;
System info: host: &apos;LAPTOP-QRRJ0926&apos;, ip: &apos;192.168.0.105&apos;, os.name: &apos;Windows 10&apos;, os.arch: &apos;amd64&apos;, os.version: &apos;10.0&apos;, java.version: &apos;1.8.0_151&apos;
Driver info: org.openqa.selenium.chrome.ChromeDriver
Capabilities [{networkConnectionEnabled=false, chrome={chromedriverVersion=79.0.3945.36 (3582db32b33893869b8c1339e8f4d9ed1816f143-refs/branch-heads/3945@{#614}), userDataDir=C:\Users\ANKUSH~1\AppData\Local\Temp\scoped_dir9628_257792733}, timeouts={implicit=0, pageLoad=300000, script=30000}, pageLoadStrategy=normal, unhandledPromptBehavior=dismiss and notify, strictFileInteractability=false, platform=XP, proxy=Proxy(), goog:chromeOptions={debuggerAddress=localhost:59597}, acceptInsecureCerts=false, browserVersion=79.0.3945.88, browserName=chrome, javascriptEnabled=true, platformName=XP, setWindowRect=true}]
Session ID: 931d3588f3bfc05a230a6ed40dbbef39
*** Element info: {Using=xpath, value=//td[contains(text(),&apos;EVOL Mishra&apos;)]//parent::td//preceding-sibling::td//div[@class=&apos;ui fitted read-only checkbox&apos;]}
	at sun.reflect.NativeConstructorAccessorImpl.newInstance0(Native Method)
	at sun.reflect.NativeConstructorAccessorImpl.newInstance(NativeConstructorAccessorImpl.java:62)
	at sun.reflect.DelegatingConstructorAccessorImpl.newInstance(DelegatingConstructorAccessorImpl.java:45)
	at java.lang.reflect.Constructor.newInstance(Constructor.java:423)
	at org.openqa.selenium.remote.http.W3CHttpResponseCodec.createException(W3CHttpResponseCodec.java:185)
	at org.openqa.selenium.remote.http.W3CHttpResponseCodec.decode(W3CHttpResponseCodec.java:120)
	at org.openqa.selenium.remote.http.W3CHttpResponseCodec.decode(W3CHttpResponseCodec.java:49)
	at org.openqa.selenium.remote.HttpCommandExecutor.execute(HttpCommandExecutor.java:164)
	at org.openqa.selenium.remote.service.DriverCommandExecutor.execute(DriverCommandExecutor.java:82)
	at org.openqa.selenium.remote.RemoteWebDriver.execute(RemoteWebDriver.java:646)
	at org.openqa.selenium.remote.RemoteWebDriver.findElement(RemoteWebDriver.java:416)
	at org.openqa.selenium.remote.RemoteWebDriver.findElementByXPath(RemoteWebDriver.java:518)
	at org.openqa.selenium.By$ByXPath.findElement(By.java:361)
	at org.openqa.selenium.remote.RemoteWebDriver.findElement(RemoteWebDriver.java:408)
	at sun.reflect.NativeMethodAccessorImpl.invoke0(Native Method)
	at sun.reflect.NativeMethodAccessorImpl.invoke(NativeMethodAccessorImpl.java:62)
	at sun.reflect.DelegatingMethodAccessorImpl.invoke(DelegatingMethodAccessorImpl.java:43)
	at java.lang.reflect.Method.invoke(Method.java:498)
	at org.openqa.selenium.support.events.EventFiringWebDriver$2.invoke(EventFiringWebDriver.java:105)
	at com.sun.proxy.$Proxy6.findElement(Unknown Source)
	at org.openqa.selenium.support.events.EventFiringWebDriver.findElement(EventFiringWebDriver.java:189)
	at com.crm.qa.pages.ContactsPage.selectContactsByName(ContactsPage.java:35)
	at com.crm.qa.testcases.ContactsPageTest.selectContactsText(ContactsPageTest.java:55)
</failure>
    <system-out>Before navigating to: &apos;https://ui.freecrm.com&apos;
Navigated to:&apos;https://ui.freecrm.com&apos;
Trying to find Element By : By.name: email
Found Element By : By.name: email
Trying to find Element By : By.name: password
Found Element By : By.name: password
Trying to find Element By : By.xpath: //div[text()=&apos;Login&apos;]
Found Element By : By.xpath: //div[text()=&apos;Login&apos;]
Trying to click on: [[ChromeDriver: chrome on XP (931d3588f3bfc05a230a6ed40dbbef39)] -&gt; xpath: //div[text()=&apos;Login&apos;]]
Clicked on: [[ChromeDriver: chrome on XP (931d3588f3bfc05a230a6ed40dbbef39)] -&gt; xpath: //div[text()=&apos;Login&apos;]]
Trying to find Element By : By.xpath: //span[text()=&apos;Contacts&apos;]
Found Element By : By.xpath: //span[text()=&apos;Contacts&apos;]
Trying to click on: [[ChromeDriver: chrome on XP (931d3588f3bfc05a230a6ed40dbbef39)] -&gt; xpath: //span[text()=&apos;Contacts&apos;]]
Clicked on: [[ChromeDriver: chrome on XP (931d3588f3bfc05a230a6ed40dbbef39)] -&gt; xpath: //span[text()=&apos;Contacts&apos;]]
Trying to find Element By : By.xpath: //td[contains(text(),&apos;EVOL Mishra&apos;)]//parent::td//preceding-sibling::td//div[@class=&apos;ui fitted read-only checkbox&apos;]
</system-out>
    <system-err>Starting ChromeDriver 79.0.3945.36 (3582db32b33893869b8c1339e8f4d9ed1816f143-refs/branch-heads/3945@{#614}) on port 21765
Only local connections are allowed.
Please protect ports used by ChromeDriver and related test frameworks to prevent access by malicious code.
[1588798028.954][WARNING]: Timed out connecting to Chrome, retrying...
May 07, 2020 2:17:10 AM org.openqa.selenium.remote.ProtocolHandshake createSession
INFO: Detected dialect: W3C
[1588798032.984][WARNING]: Timed out connecting to Chrome, retrying...
</system-err>
  </testcase>
  <testcase classname="com.crm.qa.testcases.HomePageTest" name="verifyusernameTest" time="3.219"/>
  <testcase classname="com.crm.qa.testcases.LoginPageTest" name="loginTest" time="1.279"/>
  <testcase classname="com.crm.qa.testcases.ContactsPageTest" name="validateCreatenewContact" time="15.282">
    <failure message="no such element: Unable to locate element: {&quot;method&quot;:&quot;css selector&quot;,&quot;selector&quot;:&quot;*[name=&apos;first_name&apos;]&quot;}
  (Session info: chrome=79.0.3945.88)
For documentation on this error, please visit: http://seleniumhq.org/exceptions/no_such_element.html
Build info: version: &apos;3.5.3&apos;, revision: &apos;a88d25fe6b&apos;, time: &apos;2017-08-29T12:42:44.417Z&apos;
System info: host: &apos;LAPTOP-QRRJ0926&apos;, ip: &apos;192.168.0.105&apos;, os.name: &apos;Windows 10&apos;, os.arch: &apos;amd64&apos;, os.version: &apos;10.0&apos;, java.version: &apos;1.8.0_151&apos;
Driver info: org.openqa.selenium.chrome.ChromeDriver
Capabilities [{networkConnectionEnabled=false, chrome={chromedriverVersion=79.0.3945.36 (3582db32b33893869b8c1339e8f4d9ed1816f143-refs/branch-heads/3945@{#614}), userDataDir=C:\Users\ANKUSH~1\AppData\Local\Temp\scoped_dir10312_1132228659}, timeouts={implicit=0, pageLoad=300000, script=30000}, pageLoadStrategy=normal, unhandledPromptBehavior=dismiss and notify, strictFileInteractability=false, platform=XP, proxy=Proxy(), goog:chromeOptions={debuggerAddress=localhost:59709}, acceptInsecureCerts=false, browserVersion=79.0.3945.88, browserName=chrome, javascriptEnabled=true, platformName=XP, setWindowRect=true}]
Session ID: 0f2c96004e4b01c1ec606fa612b91e80
*** Element info: {Using=name, value=first_name}" type="org.openqa.selenium.NoSuchElementException">org.openqa.selenium.NoSuchElementException: no such element: Unable to locate element: {&quot;method&quot;:&quot;css selector&quot;,&quot;selector&quot;:&quot;*[name=&apos;first_name&apos;]&quot;}
  (Session info: chrome=79.0.3945.88)
For documentation on this error, please visit: http://seleniumhq.org/exceptions/no_such_element.html
Build info: version: &apos;3.5.3&apos;, revision: &apos;a88d25fe6b&apos;, time: &apos;2017-08-29T12:42:44.417Z&apos;
System info: host: &apos;LAPTOP-QRRJ0926&apos;, ip: &apos;192.168.0.105&apos;, os.name: &apos;Windows 10&apos;, os.arch: &apos;amd64&apos;, os.version: &apos;10.0&apos;, java.version: &apos;1.8.0_151&apos;
Driver info: org.openqa.selenium.chrome.ChromeDriver
Capabilities [{networkConnectionEnabled=false, chrome={chromedriverVersion=79.0.3945.36 (3582db32b33893869b8c1339e8f4d9ed1816f143-refs/branch-heads/3945@{#614}), userDataDir=C:\Users\ANKUSH~1\AppData\Local\Temp\scoped_dir10312_1132228659}, timeouts={implicit=0, pageLoad=300000, script=30000}, pageLoadStrategy=normal, unhandledPromptBehavior=dismiss and notify, strictFileInteractability=false, platform=XP, proxy=Proxy(), goog:chromeOptions={debuggerAddress=localhost:59709}, acceptInsecureCerts=false, browserVersion=79.0.3945.88, browserName=chrome, javascriptEnabled=true, platformName=XP, setWindowRect=true}]
Session ID: 0f2c96004e4b01c1ec606fa612b91e80
*** Element info: {Using=name, value=first_name}
	at sun.reflect.NativeConstructorAccessorImpl.newInstance0(Native Method)
	at sun.reflect.NativeConstructorAccessorImpl.newInstance(NativeConstructorAccessorImpl.java:62)
	at sun.reflect.DelegatingConstructorAccessorImpl.newInstance(DelegatingConstructorAccessorImpl.java:45)
	at java.lang.reflect.Constructor.newInstance(Constructor.java:423)
	at org.openqa.selenium.remote.http.W3CHttpResponseCodec.createException(W3CHttpResponseCodec.java:185)
	at org.openqa.selenium.remote.http.W3CHttpResponseCodec.decode(W3CHttpResponseCodec.java:120)
	at org.openqa.selenium.remote.http.W3CHttpResponseCodec.decode(W3CHttpResponseCodec.java:49)
	at org.openqa.selenium.remote.HttpCommandExecutor.execute(HttpCommandExecutor.java:164)
	at org.openqa.selenium.remote.service.DriverCommandExecutor.execute(DriverCommandExecutor.java:82)
	at org.openqa.selenium.remote.RemoteWebDriver.execute(RemoteWebDriver.java:646)
	at org.openqa.selenium.remote.RemoteWebDriver.findElement(RemoteWebDriver.java:416)
	at org.openqa.selenium.remote.RemoteWebDriver.findElementByName(RemoteWebDriver.java:494)
	at org.openqa.selenium.By$ByName.findElement(By.java:303)
	at org.openqa.selenium.remote.RemoteWebDriver.findElement(RemoteWebDriver.java:408)
	at sun.reflect.GeneratedMethodAccessor4.invoke(Unknown Source)
	at sun.reflect.DelegatingMethodAccessorImpl.invoke(DelegatingMethodAccessorImpl.java:43)
	at java.lang.reflect.Method.invoke(Method.java:498)
	at org.openqa.selenium.support.events.EventFiringWebDriver$2.invoke(EventFiringWebDriver.java:105)
	at com.sun.proxy.$Proxy6.findElement(Unknown Source)
	at org.openqa.selenium.support.events.EventFiringWebDriver.findElement(EventFiringWebDriver.java:189)
	at org.openqa.selenium.support.pagefactory.DefaultElementLocator.findElement(DefaultElementLocator.java:69)
	at org.openqa.selenium.support.pagefactory.internal.LocatingElementHandler.invoke(LocatingElementHandler.java:38)
	at com.sun.proxy.$Proxy10.sendKeys(Unknown Source)
	at com.crm.qa.pages.ContactsPage.createNewContact(ContactsPage.java:41)
	at com.crm.qa.testcases.ContactsPageTest.validateCreatenewContact(ContactsPageTest.java:75)
</failure>
    <system-out>Before navigating to: &apos;https://ui.freecrm.com&apos;
Navigated to:&apos;https://ui.freecrm.com&apos;
Trying to find Element By : By.name: email
Found Element By : By.name: email
Trying to find Element By : By.name: password
Found Element By : By.name: password
Trying to find Element By : By.xpath: //div[text()=&apos;Login&apos;]
Found Element By : By.xpath: //div[text()=&apos;Login&apos;]
Trying to click on: [[ChromeDriver: chrome on XP (0f2c96004e4b01c1ec606fa612b91e80)] -&gt; xpath: //div[text()=&apos;Login&apos;]]
Clicked on: [[ChromeDriver: chrome on XP (0f2c96004e4b01c1ec606fa612b91e80)] -&gt; xpath: //div[text()=&apos;Login&apos;]]
Trying to find Element By : By.xpath: //span[text()=&apos;Contacts&apos;]
Found Element By : By.xpath: //span[text()=&apos;Contacts&apos;]
Trying to click on: [[ChromeDriver: chrome on XP (0f2c96004e4b01c1ec606fa612b91e80)] -&gt; xpath: //span[text()=&apos;Contacts&apos;]]
Clicked on: [[ChromeDriver: chrome on XP (0f2c96004e4b01c1ec606fa612b91e80)] -&gt; xpath: //span[text()=&apos;Contacts&apos;]]
Trying to click on: [[ChromeDriver: chrome on XP (0f2c96004e4b01c1ec606fa612b91e80)] -&gt; xpath: //span[text()=&apos;Contacts&apos;]]
Clicked on: [[ChromeDriver: chrome on XP (0f2c96004e4b01c1ec606fa612b91e80)] -&gt; xpath: //span[text()=&apos;Contacts&apos;]]
Trying to find Element By : By.xpath: //button[text()=&apos;New&apos;]
Found Element By : By.xpath: //button[text()=&apos;New&apos;]
Trying to click on: [[ChromeDriver: chrome on XP (0f2c96004e4b01c1ec606fa612b91e80)] -&gt; xpath: //button[text()=&apos;New&apos;]]
Clicked on: [[ChromeDriver: chrome on XP (0f2c96004e4b01c1ec606fa612b91e80)] -&gt; xpath: //button[text()=&apos;New&apos;]]
Trying to find Element By : By.name: first_name
</system-out>
    <system-err>Starting ChromeDriver 79.0.3945.36 (3582db32b33893869b8c1339e8f4d9ed1816f143-refs/branch-heads/3945@{#614}) on port 39982
Only local connections are allowed.
Please protect ports used by ChromeDriver and related test frameworks to prevent access by malicious code.
[1588798103.394][WARNING]: Timed out connecting to Chrome, retrying...
May 07, 2020 2:18:25 AM org.openqa.selenium.remote.ProtocolHandshake createSession
INFO: Detected dialect: W3C
[1588798107.431][WARNING]: Timed out connecting to Chrome, retrying...
</system-err>
  </testcase>
  <testcase classname="com.crm.qa.testcases.ContactsPageTest" name="validateCreatenewContact" time="8.144"/>
  <testcase classname="com.crm.qa.testcases.ContactsPageTest" name="validateCreatenewContact" time="13.431">
    <failure message="no such element: Unable to locate element: {&quot;method&quot;:&quot;css selector&quot;,&quot;selector&quot;:&quot;*[name=&apos;first_name&apos;]&quot;}
  (Session info: chrome=79.0.3945.88)
For documentation on this error, please visit: http://seleniumhq.org/exceptions/no_such_element.html
Build info: version: &apos;3.5.3&apos;, revision: &apos;a88d25fe6b&apos;, time: &apos;2017-08-29T12:42:44.417Z&apos;
System info: host: &apos;LAPTOP-QRRJ0926&apos;, ip: &apos;192.168.0.105&apos;, os.name: &apos;Windows 10&apos;, os.arch: &apos;amd64&apos;, os.version: &apos;10.0&apos;, java.version: &apos;1.8.0_151&apos;
Driver info: org.openqa.selenium.chrome.ChromeDriver
Capabilities [{networkConnectionEnabled=false, chrome={chromedriverVersion=79.0.3945.36 (3582db32b33893869b8c1339e8f4d9ed1816f143-refs/branch-heads/3945@{#614}), userDataDir=C:\Users\ANKUSH~1\AppData\Local\Temp\scoped_dir5504_1183128514}, timeouts={implicit=0, pageLoad=300000, script=30000}, pageLoadStrategy=normal, unhandledPromptBehavior=dismiss and notify, strictFileInteractability=false, platform=XP, proxy=Proxy(), goog:chromeOptions={debuggerAddress=localhost:59787}, acceptInsecureCerts=false, browserVersion=79.0.3945.88, browserName=chrome, javascriptEnabled=true, platformName=XP, setWindowRect=true}]
Session ID: 503dd5175531456f5a52e551b29fddd3
*** Element info: {Using=name, value=first_name}" type="org.openqa.selenium.NoSuchElementException">org.openqa.selenium.NoSuchElementException: no such element: Unable to locate element: {&quot;method&quot;:&quot;css selector&quot;,&quot;selector&quot;:&quot;*[name=&apos;first_name&apos;]&quot;}
  (Session info: chrome=79.0.3945.88)
For documentation on this error, please visit: http://seleniumhq.org/exceptions/no_such_element.html
Build info: version: &apos;3.5.3&apos;, revision: &apos;a88d25fe6b&apos;, time: &apos;2017-08-29T12:42:44.417Z&apos;
System info: host: &apos;LAPTOP-QRRJ0926&apos;, ip: &apos;192.168.0.105&apos;, os.name: &apos;Windows 10&apos;, os.arch: &apos;amd64&apos;, os.version: &apos;10.0&apos;, java.version: &apos;1.8.0_151&apos;
Driver info: org.openqa.selenium.chrome.ChromeDriver
Capabilities [{networkConnectionEnabled=false, chrome={chromedriverVersion=79.0.3945.36 (3582db32b33893869b8c1339e8f4d9ed1816f143-refs/branch-heads/3945@{#614}), userDataDir=C:\Users\ANKUSH~1\AppData\Local\Temp\scoped_dir5504_1183128514}, timeouts={implicit=0, pageLoad=300000, script=30000}, pageLoadStrategy=normal, unhandledPromptBehavior=dismiss and notify, strictFileInteractability=false, platform=XP, proxy=Proxy(), goog:chromeOptions={debuggerAddress=localhost:59787}, acceptInsecureCerts=false, browserVersion=79.0.3945.88, browserName=chrome, javascriptEnabled=true, platformName=XP, setWindowRect=true}]
Session ID: 503dd5175531456f5a52e551b29fddd3
*** Element info: {Using=name, value=first_name}
	at sun.reflect.NativeConstructorAccessorImpl.newInstance0(Native Method)
	at sun.reflect.NativeConstructorAccessorImpl.newInstance(NativeConstructorAccessorImpl.java:62)
	at sun.reflect.DelegatingConstructorAccessorImpl.newInstance(DelegatingConstructorAccessorImpl.java:45)
	at java.lang.reflect.Constructor.newInstance(Constructor.java:423)
	at org.openqa.selenium.remote.http.W3CHttpResponseCodec.createException(W3CHttpResponseCodec.java:185)
	at org.openqa.selenium.remote.http.W3CHttpResponseCodec.decode(W3CHttpResponseCodec.java:120)
	at org.openqa.selenium.remote.http.W3CHttpResponseCodec.decode(W3CHttpResponseCodec.java:49)
	at org.openqa.selenium.remote.HttpCommandExecutor.execute(HttpCommandExecutor.java:164)
	at org.openqa.selenium.remote.service.DriverCommandExecutor.execute(DriverCommandExecutor.java:82)
	at org.openqa.selenium.remote.RemoteWebDriver.execute(RemoteWebDriver.java:646)
	at org.openqa.selenium.remote.RemoteWebDriver.findElement(RemoteWebDriver.java:416)
	at org.openqa.selenium.remote.RemoteWebDriver.findElementByName(RemoteWebDriver.java:494)
	at org.openqa.selenium.By$ByName.findElement(By.java:303)
	at org.openqa.selenium.remote.RemoteWebDriver.findElement(RemoteWebDriver.java:408)
	at sun.reflect.GeneratedMethodAccessor4.invoke(Unknown Source)
	at sun.reflect.DelegatingMethodAccessorImpl.invoke(DelegatingMethodAccessorImpl.java:43)
	at java.lang.reflect.Method.invoke(Method.java:498)
	at org.openqa.selenium.support.events.EventFiringWebDriver$2.invoke(EventFiringWebDriver.java:105)
	at com.sun.proxy.$Proxy6.findElement(Unknown Source)
	at org.openqa.selenium.support.events.EventFiringWebDriver.findElement(EventFiringWebDriver.java:189)
	at org.openqa.selenium.support.pagefactory.DefaultElementLocator.findElement(DefaultElementLocator.java:69)
	at org.openqa.selenium.support.pagefactory.internal.LocatingElementHandler.invoke(LocatingElementHandler.java:38)
	at com.sun.proxy.$Proxy10.sendKeys(Unknown Source)
	at com.crm.qa.pages.ContactsPage.createNewContact(ContactsPage.java:41)
	at com.crm.qa.testcases.ContactsPageTest.validateCreatenewContact(ContactsPageTest.java:75)
</failure>
    <system-out>Before navigating to: &apos;https://ui.freecrm.com&apos;
Navigated to:&apos;https://ui.freecrm.com&apos;
Trying to find Element By : By.name: email
Found Element By : By.name: email
Trying to find Element By : By.name: password
Found Element By : By.name: password
Trying to find Element By : By.xpath: //div[text()=&apos;Login&apos;]
Found Element By : By.xpath: //div[text()=&apos;Login&apos;]
Trying to click on: [[ChromeDriver: chrome on XP (503dd5175531456f5a52e551b29fddd3)] -&gt; xpath: //div[text()=&apos;Login&apos;]]
Clicked on: [[ChromeDriver: chrome on XP (503dd5175531456f5a52e551b29fddd3)] -&gt; xpath: //div[text()=&apos;Login&apos;]]
Trying to find Element By : By.xpath: //span[text()=&apos;Contacts&apos;]
Found Element By : By.xpath: //span[text()=&apos;Contacts&apos;]
Trying to click on: [[ChromeDriver: chrome on XP (503dd5175531456f5a52e551b29fddd3)] -&gt; xpath: //span[text()=&apos;Contacts&apos;]]
Clicked on: [[ChromeDriver: chrome on XP (503dd5175531456f5a52e551b29fddd3)] -&gt; xpath: //span[text()=&apos;Contacts&apos;]]
Trying to click on: [[ChromeDriver: chrome on XP (503dd5175531456f5a52e551b29fddd3)] -&gt; xpath: //span[text()=&apos;Contacts&apos;]]
Clicked on: [[ChromeDriver: chrome on XP (503dd5175531456f5a52e551b29fddd3)] -&gt; xpath: //span[text()=&apos;Contacts&apos;]]
Trying to find Element By : By.xpath: //button[text()=&apos;New&apos;]
Found Element By : By.xpath: //button[text()=&apos;New&apos;]
Trying to click on: [[ChromeDriver: chrome on XP (503dd5175531456f5a52e551b29fddd3)] -&gt; xpath: //button[text()=&apos;New&apos;]]
Clicked on: [[ChromeDriver: chrome on XP (503dd5175531456f5a52e551b29fddd3)] -&gt; xpath: //button[text()=&apos;New&apos;]]
Trying to find Element By : By.name: first_name
</system-out>
    <system-err>Starting ChromeDriver 79.0.3945.36 (3582db32b33893869b8c1339e8f4d9ed1816f143-refs/branch-heads/3945@{#614}) on port 9132
Only local connections are allowed.
Please protect ports used by ChromeDriver and related test frameworks to prevent access by malicious code.
[1588798167.674][WARNING]: Timed out connecting to Chrome, retrying...
May 07, 2020 2:19:29 AM org.openqa.selenium.remote.ProtocolHandshake createSession
INFO: Detected dialect: W3C
[1588798171.708][WARNING]: Timed out connecting to Chrome, retrying...
</system-err>
  </testcase>
  <testcase classname="com.crm.qa.testcases.HomePageTest" name="verifyContactslinkTest" time="2.44"/>
</testsuite>